mode: set
testdoubles/internal/handler/hunter.go:15.56,17.2 1 1
testdoubles/internal/handler/hunter.go:34.51,35.54 1 1
testdoubles/internal/handler/hunter.go:35.54,40.17 2 1
testdoubles/internal/handler/hunter.go:40.17,44.4 3 0
testdoubles/internal/handler/hunter.go:47.3,48.49 2 1
testdoubles/internal/handler/hunter.go:48.49,52.4 3 0
testdoubles/internal/handler/hunter.go:55.3,55.58 1 1
testdoubles/internal/handler/hunter.go:55.58,59.4 3 1
testdoubles/internal/handler/hunter.go:62.3,63.46 2 1
testdoubles/internal/handler/hunter.go:63.46,67.4 3 0
testdoubles/internal/handler/hunter.go:70.3,74.37 3 1
testdoubles/internal/handler/hunter.go:85.53,86.54 1 1
testdoubles/internal/handler/hunter.go:86.54,89.17 2 1
testdoubles/internal/handler/hunter.go:89.17,93.4 3 0
testdoubles/internal/handler/hunter.go:96.3,97.49 2 1
testdoubles/internal/handler/hunter.go:97.49,101.4 3 0
testdoubles/internal/handler/hunter.go:104.3,104.58 1 1
testdoubles/internal/handler/hunter.go:104.58,108.4 3 1
testdoubles/internal/handler/hunter.go:111.3,112.46 2 1
testdoubles/internal/handler/hunter.go:112.46,116.4 3 0
testdoubles/internal/handler/hunter.go:120.3,134.39 5 1
testdoubles/internal/handler/hunter.go:139.42,140.54 1 1
testdoubles/internal/handler/hunter.go:140.54,144.33 1 1
testdoubles/internal/handler/hunter.go:144.33,148.4 3 1
testdoubles/internal/handler/hunter.go:150.3,151.17 2 1
testdoubles/internal/handler/hunter.go:151.17,155.4 3 1
testdoubles/internal/handler/hunter.go:158.3,159.62 2 1
testdoubles/internal/handler/hunter.go:163.66,164.27 1 1
testdoubles/internal/handler/hunter.go:164.27,166.10 2 1
testdoubles/internal/handler/hunter.go:166.10,168.4 1 1
testdoubles/internal/handler/hunter.go:170.2,170.13 1 1
